Starting org.bukkit.craftbukkit.Main
WARN StatusConsoleListener Advanced terminal features are not available in this environment
[17:17:31 INFO]: [bootstrap] Running Java 22 (OpenJDK 64-Bit Server VM 22.0.2+9; Eclipse Adoptium Temurin-22.0.2+9) on Linux 6.5.0-1025-azure (amd64)
[17:17:31 INFO]: [bootstrap] Loading Paper 1.21.1-99-master@1bc02e6 (2024-09-25T02:41:02Z) for Minecraft 1.21.1
[17:17:31 INFO]: [PluginInitializerManager] Initializing plugins...
[17:17:31 INFO]: [PluginInitializerManager] Initialized 0 plugins
[17:17:36 INFO]: Environment: Environment[sessionHost=https://sessionserver.mojang.com, servicesHost=https://api.minecraftservices.com, name=PROD]
[17:17:37 INFO]: Loaded 1290 recipes
[17:17:37 INFO]: Loaded 1399 advancements
[17:17:37 INFO]: Starting minecraft server version 1.21.1
[17:17:37 INFO]: Loading properties
[17:17:37 INFO]: This server is running Paper version 1.21.1-99-master@1bc02e6 (2024-09-25T02:41:02Z) (Implementing API version 1.21.1-R0.1-SNAPSHOT)
[17:17:38 INFO]: [spark] This server bundles the spark profiler. For more information please visit https://docs.papermc.io/paper/profiling
[17:17:38 INFO]: Server Ping Player Sample Count: 12
[17:17:38 INFO]: Using 4 threads for Netty based IO
[17:17:39 INFO]: [ChunkTaskScheduler] Chunk system is using 1 I/O threads, 1 worker threads, and population gen parallelism of 1 threads
[17:17:39 INFO]: Default game type: SURVIVAL
[17:17:39 INFO]: Generating keypair
[17:17:39 INFO]: Starting Minecraft server on *:25565
[17:17:39 INFO]: Using epoll channel type
[17:17:39 INFO]: Paper: Using libdeflate (Linux x86_64) compression from Velocity.
[17:17:39 INFO]: Paper: Using OpenSSL 3.x.x (Linux x86_64) cipher from Velocity.
[17:17:39 INFO]: Server permissions file permissions.yml is empty, ignoring it
[17:17:39 WARN]: **** SERVER IS RUNNING IN OFFLINE/INSECURE MODE!
[17:17:39 WARN]: The server will make no attempt to authenticate usernames. Beware.
[17:17:39 WARN]: While this makes the game possible to play without internet access, it also opens up the ability for hackers to connect with any username they choose.
[17:17:39 WARN]: To change this, set "online-mode" to "true" in the server.properties file.
[17:17:39 INFO]: Preparing level "world"
[17:17:40 INFO]: Preparing start region for dimension minecraft:overworld
[17:17:41 INFO]: Time elapsed: 1051 ms
[17:17:41 INFO]: Preparing start region for dimension minecraft:the_nether
[17:17:41 INFO]: Time elapsed: 213 ms
[17:17:41 INFO]: Preparing start region for dimension minecraft:the_end
[17:17:41 INFO]: Time elapsed: 127 ms
[17:17:41 INFO]: [spark] Starting background profiler...
[17:17:41 INFO]: Done preparing level "world" (1.955s)
[17:17:41 INFO]: Starting remote control listener
[17:17:41 INFO]: Thread RCON Listener started
[17:17:41 INFO]: RCON running on 0.0.0.0:25575
[17:17:41 INFO]: Running delayed init tasks
[17:17:41 INFO]: Done (11.343s)! For help, type "help"
[17:17:41 INFO]: Timings Reset
[17:17:58 INFO]: Thread RCON Client /127.0.0.1 started
[17:17:58 INFO]: Thread RCON Client /127.0.0.1 shutting down
[17:17:58 INFO]: Thread RCON Client /127.0.0.1 started
[17:17:58 INFO]: Thread RCON Client /127.0.0.1 shutting down
[17:17:58 INFO]: [Not Secure] [Rcon] Hello, world!
