8[0mno command provided, doing auto run[2J8[0mVisit link to setup https://playit.gg/claim/813e3c3348[2J8[0mVisit link to setup https://playit.gg/claim/813e3c3348[2J8[0mVisit link to setup https://playit.gg/claim/813e3c3348[2J8[0mApprove program at https://playit.gg/claim/813e3c3348[2J8[0mProgram approved :). Secret code being setup.[2J8[0mstarting up tunnel connection[2J8[0mtunnel running[2J8[0mplayit (v0.15.26): 1752399346147 tunnel running, 0 tunnels registered


TUNNELS
Add tunnels here: https://playit.gg/account/agents/325d9832-9924-4983-8ec0-0118e9f2ef29
[2J8[0mplayit (v0.15.26): 1752399349213 tunnel running, 0 tunnels registered


TUNNELS
Add tunnels here: https://playit.gg/account/agents/325d9832-9924-4983-8ec0-0118e9f2ef29
[2J8[0mplayit (v0.15.26): 1752399352277 tunnel running, 0 tunnels registered


TUNNELS
Add tunnels here: https://playit.gg/account/agents/325d9832-9924-4983-8ec0-0118e9f2ef29
[2J8[0mplayit (v0.15.26): 1752399355345 tunnel running, 0 tunnels registered


TUNNELS
Add tunnels here: https://playit.gg/account/agents/325d9832-9924-4983-8ec0-0118e9f2ef29
[2J8[0mplayit (v0.15.26): 1752399358414 tunnel running, 0 tunnels registered


TUNNELS
Add tunnels here: https://playit.gg/account/agents/325d9832-9924-4983-8ec0-0118e9f2ef29
[2J8[0mplayit (v0.15.26): 1752399361478 tunnel running, 0 tunnels registered


TUNNELS
Add tunnels here: https://playit.gg/account/agents/325d9832-9924-4983-8ec0-0118e9f2ef29
[2J8[0mplayit (v0.15.26): 1752399364543 tunnel running, 0 tunnels registered


TUNNELS
Add tunnels here: https://playit.gg/account/agents/325d9832-9924-4983-8ec0-0118e9f2ef29
[2J8[0mplayit (v0.15.26): 1752399367606 tunnel running, 0 tunnels registered


TUNNELS
tunnel pending: https://playit.gg/account/tunnels/1a22b313-213b-4881-a220-575c061f78b8
[2J8[0mplayit (v0.15.26): 1752399370673 tunnel running, 1 tunnels registered


TUNNELS
multi-exec.gl.joinmc.link => 127.0.0.1:25565 (minecraft-java)
[2J8[0mplayit (v0.15.26): 1752399373741 tunnel running, 1 tunnels registered


TUNNELS
multi-exec.gl.joinmc.link => 127.0.0.1:25565 (minecraft-java)
[2J8[0mplayit (v0.15.26): 1752399376807 tunnel running, 1 tunnels registered


TUNNELS
multi-exec.gl.joinmc.link => 127.0.0.1:25565 (minecraft-java)
[2J8[0mplayit (v0.15.26): 1752399379874 tunnel running, 1 tunnels registered


TUNNELS
multi-exec.gl.joinmc.link => 127.0.0.1:25565 (minecraft-java)
[2J8[0mplayit (v0.15.26): 1752399382939 tunnel running, 1 tunnels registered


TUNNELS
multi-exec.gl.joinmc.link => 127.0.0.1:25565 (minecraft-java)
[2J8[0mplayit (v0.15.26): 1752399386005 tunnel running, 1 tunnels registered


TUNNELS
multi-exec.gl.joinmc.link => 127.0.0.1:25565 (minecraft-java)
[2J8[0mplayit (v0.15.26): 1752399389075 tunnel running, 1 tunnels registered


TUNNELS
multi-exec.gl.joinmc.link => 127.0.0.1:25565 (minecraft-java)
[2J8[0mplayit (v0.15.26): 1752399392142 tunnel running, 1 tunnels registered


TUNNELS
multi-exec.gl.joinmc.link => 127.0.0.1:25565 (minecraft-java)
[2J8[0mplayit (v0.15.26): 1752399395213 tunnel running, 1 tunnels registered


TUNNELS
multi-exec.gl.joinmc.link => 127.0.0.1:25565 (minecraft-java)
[2J8[0mplayit (v0.15.26): 1752399398280 tunnel running, 1 tunnels registered


TUNNELS
multi-exec.gl.joinmc.link => 127.0.0.1:25565 (minecraft-java)
[2J8[0mplayit (v0.15.26): 1752399401348 tunnel running, 1 tunnels registered


TUNNELS
multi-exec.gl.joinmc.link => 127.0.0.1:25565 (minecraft-java)
[2J8[0mplayit (v0.15.26): 1752399404416 tunnel running, 1 tunnels registered


TUNNELS
multi-exec.gl.joinmc.link => 127.0.0.1:25565 (minecraft-java)
[2J8[0mplayit (v0.15.26): 1752399407481 tunnel running, 1 tunnels registered


TUNNELS
multi-exec.gl.joinmc.link => 127.0.0.1:25565 (minecraft-java)
[2J8[0mplayit (v0.15.26): 1752399410550 tunnel running, 1 tunnels registered


TUNNELS
multi-exec.gl.joinmc.link => 127.0.0.1:25565 (minecraft-java)
[2J8[0mplayit (v0.15.26): 1752399413613 tunnel running, 1 tunnels registered


TUNNELS
multi-exec.gl.joinmc.link => 127.0.0.1:25565 (minecraft-java)
[2J8[0mplayit (v0.15.26): 1752399416679 tunnel running, 1 tunnels registered


TUNNELS
multi-exec.gl.joinmc.link => 127.0.0.1:25565 (minecraft-java)
[2J8[0mplayit (v0.15.26): 1752399419747 tunnel running, 1 tunnels registered


TUNNELS
multi-exec.gl.joinmc.link => 127.0.0.1:25565 (minecraft-java)
[2J8[0mplayit (v0.15.26): 1752399422816 tunnel running, 1 tunnels registered


TUNNELS
multi-exec.gl.joinmc.link => 127.0.0.1:25565 (minecraft-java)
[2J8[0mplayit (v0.15.26): 1752399425883 tunnel running, 1 tunnels registered


TUNNELS
multi-exec.gl.joinmc.link => 127.0.0.1:25565 (minecraft-java)
[2J8[0mplayit (v0.15.26): 1752399428946 tunnel running, 1 tunnels registered


TUNNELS
multi-exec.gl.joinmc.link => 127.0.0.1:25565 (minecraft-java)
[2J8[0mplayit (v0.15.26): 1752399432011 tunnel running, 1 tunnels registered


TUNNELS
multi-exec.gl.joinmc.link => 127.0.0.1:25565 (minecraft-java)
[2J8[0mplayit (v0.15.26): 1752399435078 tunnel running, 1 tunnels registered


TUNNELS
multi-exec.gl.joinmc.link => 127.0.0.1:25565 (minecraft-java)
[2J8[0mplayit (v0.15.26): 1752399438144 tunnel running, 1 tunnels registered


TUNNELS
multi-exec.gl.joinmc.link => 127.0.0.1:25565 (minecraft-java)
[2J8[0mplayit (v0.15.26): 1752399441210 tunnel running, 1 tunnels registered


TUNNELS
multi-exec.gl.joinmc.link => 127.0.0.1:25565 (minecraft-java)
[2J8[0mplayit (v0.15.26): 1752399444274 tunnel running, 1 tunnels registered


TUNNELS
multi-exec.gl.joinmc.link => 127.0.0.1:25565 (minecraft-java)
[2J8[0mplayit (v0.15.26): 1752399447338 tunnel running, 1 tunnels registered


TUNNELS
multi-exec.gl.joinmc.link => 127.0.0.1:25565 (minecraft-java)
[2J8[0mplayit (v0.15.26): 1752399450409 tunnel running, 1 tunnels registered


TUNNELS
multi-exec.gl.joinmc.link => 127.0.0.1:25565 (minecraft-java)
[2J8[0mplayit (v0.15.26): 1752399453476 tunnel running, 1 tunnels registered


TUNNELS
multi-exec.gl.joinmc.link => 127.0.0.1:25565 (minecraft-java)
[2J8[0mplayit (v0.15.26): 1752399456554 tunnel running, 1 tunnels registered


TUNNELS
multi-exec.gl.joinmc.link => 127.0.0.1:25565 (minecraft-java)
[2J8[0mplayit (v0.15.26): 1752399459623 tunnel running, 1 tunnels registered


TUNNELS
multi-exec.gl.joinmc.link => 127.0.0.1:25565 (minecraft-java)
[2J8[0mplayit (v0.15.26): 1752399462689 tunnel running, 1 tunnels registered


TUNNELS
multi-exec.gl.joinmc.link => 127.0.0.1:25565 (minecraft-java)
[2J8[0mplayit (v0.15.26): 1752399465761 tunnel running, 1 tunnels registered


TUNNELS
multi-exec.gl.joinmc.link => 127.0.0.1:25565 (minecraft-java)
[2J8[0mplayit (v0.15.26): 1752399468825 tunnel running, 1 tunnels registered


TUNNELS
multi-exec.gl.joinmc.link => 127.0.0.1:25565 (minecraft-java)
[2J8[0mplayit (v0.15.26): 1752399471916 tunnel running, 1 tunnels registered


TUNNELS
multi-exec.gl.joinmc.link => 127.0.0.1:25565 (minecraft-java)
[2J8[0mplayit (v0.15.26): 1752399474985 tunnel running, 1 tunnels registered


TUNNELS
multi-exec.gl.joinmc.link => 127.0.0.1:25565 (minecraft-java)
[2J8[0mplayit (v0.15.26): 1752399478049 tunnel running, 1 tunnels registered


TUNNELS
multi-exec.gl.joinmc.link => 127.0.0.1:25565 (minecraft-java)
[2J8[0mplayit (v0.15.26): 1752399481122 tunnel running, 1 tunnels registered


TUNNELS
multi-exec.gl.joinmc.link => 127.0.0.1:25565 (minecraft-java)
[2J8[0mplayit (v0.15.26): 1752399484187 tunnel running, 1 tunnels registered


TUNNELS
multi-exec.gl.joinmc.link => 127.0.0.1:25565 (minecraft-java)
[2J8[0mplayit (v0.15.26): 1752399487251 tunnel running, 1 tunnels registered


TUNNELS
multi-exec.gl.joinmc.link => 127.0.0.1:25565 (minecraft-java)
[2J8[0mplayit (v0.15.26): 1752399490321 tunnel running, 1 tunnels registered


TUNNELS
multi-exec.gl.joinmc.link => 127.0.0.1:25565 (minecraft-java)
[2J8[0mplayit (v0.15.26): 1752399493388 tunnel running, 1 tunnels registered


TUNNELS
multi-exec.gl.joinmc.link => 127.0.0.1:25565 (minecraft-java)
[2J8[0mplayit (v0.15.26): 1752399496456 tunnel running, 1 tunnels registered


TUNNELS
multi-exec.gl.joinmc.link => 127.0.0.1:25565 (minecraft-java)
[2J8[0mplayit (v0.15.26): 1752399499526 tunnel running, 1 tunnels registered


TUNNELS
multi-exec.gl.joinmc.link => 127.0.0.1:25565 (minecraft-java)
[2J8[0mplayit (v0.15.26): 1752399502591 tunnel running, 1 tunnels registered


TUNNELS
multi-exec.gl.joinmc.link => 127.0.0.1:25565 (minecraft-java)
[2J8[0mplayit (v0.15.26): 1752399505662 tunnel running, 1 tunnels registered


TUNNELS
multi-exec.gl.joinmc.link => 127.0.0.1:25565 (minecraft-java)
[2J8[0mplayit (v0.15.26): 1752399508726 tunnel running, 1 tunnels registered


TUNNELS
multi-exec.gl.joinmc.link => 127.0.0.1:25565 (minecraft-java)
[2J8[0mplayit (v0.15.26): 1752399511795 tunnel running, 1 tunnels registered


TUNNELS
multi-exec.gl.joinmc.link => 127.0.0.1:25565 (minecraft-java)
[2J8[0mplayit (v0.15.26): 1752399514863 tunnel running, 1 tunnels registered


TUNNELS
multi-exec.gl.joinmc.link => 127.0.0.1:25565 (minecraft-java)
[2J8[0mplayit (v0.15.26): 1752399517929 tunnel running, 1 tunnels registered


TUNNELS
multi-exec.gl.joinmc.link => 127.0.0.1:25565 (minecraft-java)
[2J8[0mplayit (v0.15.26): 1752399520999 tunnel running, 1 tunnels registered


TUNNELS
multi-exec.gl.joinmc.link => 127.0.0.1:25565 (minecraft-java)
[2J8[0mplayit (v0.15.26): 1752399524065 tunnel running, 1 tunnels registered


TUNNELS
multi-exec.gl.joinmc.link => 127.0.0.1:25565 (minecraft-java)
[2J8[0mplayit (v0.15.26): 1752399527136 tunnel running, 1 tunnels registered


TUNNELS
multi-exec.gl.joinmc.link => 127.0.0.1:25565 (minecraft-java)
[2J8[0mplayit (v0.15.26): 1752399530204 tunnel running, 1 tunnels registered


TUNNELS
multi-exec.gl.joinmc.link => 127.0.0.1:25565 (minecraft-java)
[2J8[0mplayit (v0.15.26): 1752399533268 tunnel running, 1 tunnels registered


TUNNELS
multi-exec.gl.joinmc.link => 127.0.0.1:25565 (minecraft-java)
[2J8[0mplayit (v0.15.26): 1752399536334 tunnel running, 1 tunnels registered


TUNNELS
multi-exec.gl.joinmc.link => 127.0.0.1:25565 (minecraft-java)
[2J8[0mplayit (v0.15.26): 1752399539396 tunnel running, 1 tunnels registered


TUNNELS
multi-exec.gl.joinmc.link => 127.0.0.1:25565 (minecraft-java)
[2J8[0mplayit (v0.15.26): 1752399542467 tunnel running, 1 tunnels registered


TUNNELS
multi-exec.gl.joinmc.link => 127.0.0.1:25565 (minecraft-java)
[2J8[0mplayit (v0.15.26): 1752399545531 tunnel running, 1 tunnels registered


TUNNELS
multi-exec.gl.joinmc.link => 127.0.0.1:25565 (minecraft-java)
[2J8[0mplayit (v0.15.26): 1752399548594 tunnel running, 1 tunnels registered


TUNNELS
multi-exec.gl.joinmc.link => 127.0.0.1:25565 (minecraft-java)
[2J8[0mplayit (v0.15.26): 1752399551657 tunnel running, 1 tunnels registered


TUNNELS
multi-exec.gl.joinmc.link => 127.0.0.1:25565 (minecraft-java)
[2J8[0mplayit (v0.15.26): 1752399554735 tunnel running, 1 tunnels registered


TUNNELS
multi-exec.gl.joinmc.link => 127.0.0.1:25565 (minecraft-java)
[2J8[0mplayit (v0.15.26): 1752399557798 tunnel running, 1 tunnels registered


TUNNELS
multi-exec.gl.joinmc.link => 127.0.0.1:25565 (minecraft-java)
[2J8[0mplayit (v0.15.26): 1752399560866 tunnel running, 1 tunnels registered


TUNNELS
multi-exec.gl.joinmc.link => 127.0.0.1:25565 (minecraft-java)
[2J8[0mplayit (v0.15.26): 1752399563934 tunnel running, 1 tunnels registered


TUNNELS
multi-exec.gl.joinmc.link => 127.0.0.1:25565 (minecraft-java)
[2J8[0mplayit (v0.15.26): 1752399566997 tunnel running, 1 tunnels registered


TUNNELS
multi-exec.gl.joinmc.link => 127.0.0.1:25565 (minecraft-java)
[2J8[0mplayit (v0.15.26): 1752399570060 tunnel running, 1 tunnels registered


TUNNELS
multi-exec.gl.joinmc.link => 127.0.0.1:25565 (minecraft-java)
[2J8[0mplayit (v0.15.26): 1752399573127 tunnel running, 1 tunnels registered


TUNNELS
multi-exec.gl.joinmc.link => 127.0.0.1:25565 (minecraft-java)
[2J8[0mplayit (v0.15.26): 1752399576192 tunnel running, 1 tunnels registered


TUNNELS
multi-exec.gl.joinmc.link => 127.0.0.1:25565 (minecraft-java)
[2J8[0mplayit (v0.15.26): 1752399579258 tunnel running, 1 tunnels registered


TUNNELS
multi-exec.gl.joinmc.link => 127.0.0.1:25565 (minecraft-java)
[2J8[0mplayit (v0.15.26): 1752399582319 tunnel running, 1 tunnels registered


TUNNELS
multi-exec.gl.joinmc.link => 127.0.0.1:25565 (minecraft-java)
[2J8[0mplayit (v0.15.26): 1752399585390 tunnel running, 1 tunnels registered


TUNNELS
multi-exec.gl.joinmc.link => 127.0.0.1:25565 (minecraft-java)
[2J8[0mplayit (v0.15.26): 1752399588455 tunnel running, 1 tunnels registered


TUNNELS
multi-exec.gl.joinmc.link => 127.0.0.1:25565 (minecraft-java)
