[00:00:06] [Server thread/INFO]: [Essentials] CONSOLE issued server command: /msg server Keep_alive
[00:00:06] [Server thread/INFO]: Error: Player not found.
[00:00:36] [Server thread/INFO]: [Essentials] CONSOLE issued server command: /msg server Keep_alive
[00:00:36] [Server thread/INFO]: Error: Player not found.
[00:01:06] [Server thread/INFO]: [Essentials] CONSOLE issued server command: /msg server Keep_alive
[00:01:06] [Server thread/INFO]: Error: Player not found.
[00:01:36] [Server thread/INFO]: [Essentials] CONSOLE issued server command: /msg server Keep_alive
[00:01:36] [Server thread/INFO]: Error: Player not found.
[00:02:06] [Server thread/INFO]: [Essentials] CONSOLE issued server command: /msg server Keep_alive
[00:02:06] [Server thread/INFO]: Error: Player not found.
[00:02:36] [Server thread/INFO]: [Essentials] CONSOLE issued server command: /msg server Keep_alive
[00:02:36] [Server thread/INFO]: Error: Player not found.
[00:03:06] [Server thread/INFO]: [Essentials] CONSOLE issued server command: /msg server Keep_alive
[00:03:06] [Server thread/INFO]: Error: Player not found.
[00:03:36] [Server thread/INFO]: [Essentials] CONSOLE issued server command: /msg server Keep_alive
[00:03:36] [Server thread/INFO]: Error: Player not found.
[00:03:37] [RCON Listener #1/INFO]: Thread RCON Client /127.116.107.223 started
[00:03:37] [RCON Listener #1/INFO]: Thread RCON Client /127.116.107.223 started
[00:03:37] [RCON Client /127.116.107.223 #94/INFO]: Thread RCON Client /127.116.107.223 shutting down
[00:03:37] [RCON Client /127.116.107.223 #95/INFO]: Thread RCON Client /127.116.107.223 shutting down
[00:04:06] [Server thread/INFO]: [Essentials] CONSOLE issued server command: /msg server Keep_alive
[00:04:06] [Server thread/INFO]: Error: Player not found.
[00:04:36] [Server thread/INFO]: [Essentials] CONSOLE issued server command: /msg server Keep_alive
[00:04:36] [Server thread/INFO]: Error: Player not found.
[00:05:06] [Server thread/INFO]: [Essentials] CONSOLE issued server command: /msg server Keep_alive
[00:05:06] [Server thread/INFO]: Error: Player not found.
[00:05:36] [Server thread/INFO]: [Essentials] CONSOLE issued server command: /msg server Keep_alive
[00:05:36] [Server thread/INFO]: Error: Player not found.
[00:06:06] [Server thread/INFO]: [Essentials] CONSOLE issued server command: /msg server Keep_alive
[00:06:06] [Server thread/INFO]: Error: Player not found.
[00:06:36] [Server thread/INFO]: [Essentials] CONSOLE issued server command: /msg server Keep_alive
[00:06:36] [Server thread/INFO]: Error: Player not found.
[00:07:06] [Server thread/INFO]: [Essentials] CONSOLE issued server command: /msg server Keep_alive
[00:07:06] [Server thread/INFO]: Error: Player not found.
[00:07:36] [Server thread/INFO]: [Essentials] CONSOLE issued server command: /msg server Keep_alive
[00:07:36] [Server thread/INFO]: Error: Player not found.
[00:08:06] [Server thread/INFO]: [Essentials] CONSOLE issued server command: /msg server Keep_alive
[00:08:06] [Server thread/INFO]: Error: Player not found.
[00:08:36] [Server thread/INFO]: [Essentials] CONSOLE issued server command: /msg server Keep_alive
[00:08:36] [Server thread/INFO]: Error: Player not found.
[00:09:06] [Server thread/INFO]: [Essentials] CONSOLE issued server command: /msg server Keep_alive
[00:09:06] [Server thread/INFO]: Error: Player not found.
[00:09:06] [RCON Listener #1/INFO]: Thread RCON Client /127.116.107.223 started
[00:09:06] [RCON Listener #1/INFO]: Thread RCON Client /127.116.107.223 started
[00:09:07] [RCON Client /127.116.107.223 #97/INFO]: Thread RCON Client /127.116.107.223 shutting down
[00:09:07] [RCON Client /127.116.107.223 #96/INFO]: Thread RCON Client /127.116.107.223 shutting down
[00:09:36] [Server thread/INFO]: [Essentials] CONSOLE issued server command: /msg server Keep_alive
[00:09:36] [Server thread/INFO]: Error: Player not found.
[00:10:06] [Server thread/INFO]: [Essentials] CONSOLE issued server command: /msg server Keep_alive
[00:10:06] [Server thread/INFO]: Error: Player not found.
[00:10:36] [Server thread/INFO]: [Essentials] CONSOLE issued server command: /msg server Keep_alive
[00:10:36] [Server thread/INFO]: Error: Player not found.
[00:11:06] [Server thread/INFO]: [Essentials] CONSOLE issued server command: /msg server Keep_alive
[00:11:06] [Server thread/INFO]: Error: Player not found.
[00:11:36] [Server thread/INFO]: [Essentials] CONSOLE issued server command: /msg server Keep_alive
[00:11:36] [Server thread/INFO]: Error: Player not found.
[00:12:06] [Server thread/INFO]: [Essentials] CONSOLE issued server command: /msg server Keep_alive
[00:12:06] [Server thread/INFO]: Error: Player not found.
[00:12:36] [Server thread/INFO]: [Essentials] CONSOLE issued server command: /msg server Keep_alive
[00:12:36] [Server thread/INFO]: Error: Player not found.
[00:13:06] [Server thread/INFO]: [Essentials] CONSOLE issued server command: /msg server Keep_alive
[00:13:06] [Server thread/INFO]: Error: Player not found.
[00:13:36] [Server thread/INFO]: [Essentials] CONSOLE issued server command: /msg server Keep_alive
[00:13:36] [Server thread/INFO]: Error: Player not found.
[00:14:06] [Server thread/INFO]: [Essentials] CONSOLE issued server command: /msg server Keep_alive
[00:14:06] [Server thread/INFO]: Error: Player not found.
[00:14:36] [Server thread/INFO]: [Essentials] CONSOLE issued server command: /msg server Keep_alive
[00:14:36] [Server thread/INFO]: Error: Player not found.
[00:15:06] [Server thread/INFO]: [Essentials] CONSOLE issued server command: /msg server Keep_alive
[00:15:06] [Server thread/INFO]: Error: Player not found.
[00:15:36] [Server thread/INFO]: [Essentials] CONSOLE issued server command: /msg server Keep_alive
[00:15:36] [Server thread/INFO]: Error: Player not found.
[00:16:06] [Server thread/INFO]: [Essentials] CONSOLE issued server command: /msg server Keep_alive
[00:16:06] [Server thread/INFO]: Error: Player not found.
[00:16:36] [Server thread/INFO]: [Essentials] CONSOLE issued server command: /msg server Keep_alive
[00:16:36] [Server thread/INFO]: Error: Player not found.
[00:17:06] [Server thread/INFO]: [Essentials] CONSOLE issued server command: /msg server Keep_alive
[00:17:06] [Server thread/INFO]: Error: Player not found.
[00:17:36] [Server thread/INFO]: [Essentials] CONSOLE issued server command: /msg server Keep_alive
[00:17:36] [Server thread/INFO]: Error: Player not found.
[00:18:06] [Server thread/INFO]: [Essentials] CONSOLE issued server command: /msg server Keep_alive
[00:18:06] [Server thread/INFO]: Error: Player not found.
[00:18:36] [Server thread/INFO]: [Essentials] CONSOLE issued server command: /msg server Keep_alive
[00:18:36] [Server thread/INFO]: Error: Player not found.
[00:19:06] [Server thread/INFO]: [Essentials] CONSOLE issued server command: /msg server Keep_alive
[00:19:06] [Server thread/INFO]: Error: Player not found.
[00:19:36] [Server thread/INFO]: [Essentials] CONSOLE issued server command: /msg server Keep_alive
[00:19:36] [Server thread/INFO]: Error: Player not found.
[00:20:03] [RCON Listener #1/INFO]: Thread RCON Client /127.116.107.223 started
[00:20:03] [RCON Listener #1/INFO]: Thread RCON Client /127.116.107.223 started
[00:20:03] [RCON Client /127.116.107.223 #99/INFO]: Thread RCON Client /127.116.107.223 shutting down
[00:20:03] [RCON Client /127.116.107.223 #98/INFO]: Thread RCON Client /127.116.107.223 shutting down
[00:20:06] [Server thread/INFO]: [Essentials] CONSOLE issued server command: /msg server Keep_alive
[00:20:06] [Server thread/INFO]: Error: Player not found.
[00:20:36] [Server thread/INFO]: [Essentials] CONSOLE issued server command: /msg server Keep_alive
[00:20:36] [Server thread/INFO]: Error: Player not found.
[00:21:06] [Server thread/INFO]: [Essentials] CONSOLE issued server command: /msg server Keep_alive
[00:21:06] [Server thread/INFO]: Error: Player not found.
[00:21:36] [Server thread/INFO]: [Essentials] CONSOLE issued server command: /msg server Keep_alive
[00:21:36] [Server thread/INFO]: Error: Player not found.
[00:22:06] [Server thread/INFO]: [Essentials] CONSOLE issued server command: /msg server Keep_alive
[00:22:06] [Server thread/INFO]: Error: Player not found.
[00:22:36] [Server thread/INFO]: [Essentials] CONSOLE issued server command: /msg server Keep_alive
[00:22:36] [Server thread/INFO]: Error: Player not found.
[00:23:06] [Server thread/INFO]: [Essentials] CONSOLE issued server command: /msg server Keep_alive
[00:23:06] [Server thread/INFO]: Error: Player not found.
[00:23:36] [Server thread/INFO]: [Essentials] CONSOLE issued server command: /msg server Keep_alive
[00:23:36] [Server thread/INFO]: Error: Player not found.
[00:24:06] [Server thread/INFO]: [Essentials] CONSOLE issued server command: /msg server Keep_alive
[00:24:06] [Server thread/INFO]: Error: Player not found.
[00:24:36] [Server thread/INFO]: [Essentials] CONSOLE issued server command: /msg server Keep_alive
[00:24:36] [Server thread/INFO]: Error: Player not found.
[00:25:06] [Server thread/INFO]: [Essentials] CONSOLE issued server command: /msg server Keep_alive
[00:25:06] [Server thread/INFO]: Error: Player not found.
[00:25:36] [Server thread/INFO]: [Essentials] CONSOLE issued server command: /msg server Keep_alive
[00:25:36] [Server thread/INFO]: Error: Player not found.
[00:26:06] [Server thread/INFO]: [Essentials] CONSOLE issued server command: /msg server Keep_alive
[00:26:06] [Server thread/INFO]: Error: Player not found.
[00:26:36] [Server thread/INFO]: [Essentials] CONSOLE issued server command: /msg server Keep_alive
[00:26:36] [Server thread/INFO]: Error: Player not found.
[00:27:06] [Server thread/INFO]: [Essentials] CONSOLE issued server command: /msg server Keep_alive
[00:27:06] [Server thread/INFO]: Error: Player not found.
[00:27:36] [Server thread/INFO]: [Essentials] CONSOLE issued server command: /msg server Keep_alive
[00:27:36] [Server thread/INFO]: Error: Player not found.
[00:28:06] [Server thread/INFO]: [Essentials] CONSOLE issued server command: /msg server Keep_alive
[00:28:06] [Server thread/INFO]: Error: Player not found.
[00:28:36] [Server thread/INFO]: [Essentials] CONSOLE issued server command: /msg server Keep_alive
[00:28:36] [Server thread/INFO]: Error: Player not found.
[00:29:06] [Server thread/INFO]: [Essentials] CONSOLE issued server command: /msg server Keep_alive
[00:29:06] [Server thread/INFO]: Error: Player not found.
[00:29:36] [Server thread/INFO]: [Essentials] CONSOLE issued server command: /msg server Keep_alive
[00:29:36] [Server thread/INFO]: Error: Player not found.
[00:30:06] [Server thread/INFO]: [Essentials] CONSOLE issued server command: /msg server Keep_alive
[00:30:06] [Server thread/INFO]: Error: Player not found.
[00:30:36] [Server thread/INFO]: [Essentials] CONSOLE issued server command: /msg server Keep_alive
[00:30:36] [Server thread/INFO]: Error: Player not found.
[00:30:58] [RCON Listener #1/INFO]: Thread RCON Client /127.116.107.223 started
[00:30:58] [RCON Listener #1/INFO]: Thread RCON Client /127.116.107.223 started
[00:30:59] [RCON Client /127.116.107.223 #101/INFO]: Thread RCON Client /127.116.107.223 shutting down
[00:30:59] [RCON Client /127.116.107.223 #100/INFO]: Thread RCON Client /127.116.107.223 shutting down
[00:31:06] [Server thread/INFO]: [Essentials] CONSOLE issued server command: /msg server Keep_alive
[00:31:06] [Server thread/INFO]: Error: Player not found.
[00:31:36] [Server thread/INFO]: [Essentials] CONSOLE issued server command: /msg server Keep_alive
[00:31:36] [Server thread/INFO]: Error: Player not found.
[00:32:06] [Server thread/INFO]: [Essentials] CONSOLE issued server command: /msg server Keep_alive
[00:32:06] [Server thread/INFO]: Error: Player not found.
[00:32:36] [Server thread/INFO]: [Essentials] CONSOLE issued server command: /msg server Keep_alive
[00:32:36] [Server thread/INFO]: Error: Player not found.
[00:33:06] [Server thread/INFO]: [Essentials] CONSOLE issued server command: /msg server Keep_alive
[00:33:06] [Server thread/INFO]: Error: Player not found.
[00:33:36] [Server thread/INFO]: [Essentials] CONSOLE issued server command: /msg server Keep_alive
[00:33:36] [Server thread/INFO]: Error: Player not found.
[00:34:06] [Server thread/INFO]: [Essentials] CONSOLE issued server command: /msg server Keep_alive
[00:34:06] [Server thread/INFO]: Error: Player not found.
[00:34:36] [Server thread/INFO]: [Essentials] CONSOLE issued server command: /msg server Keep_alive
[00:34:36] [Server thread/INFO]: Error: Player not found.
[00:35:06] [Server thread/INFO]: [Essentials] CONSOLE issued server command: /msg server Keep_alive
[00:35:06] [Server thread/INFO]: Error: Player not found.
[00:35:36] [Server thread/INFO]: [Essentials] CONSOLE issued server command: /msg server Keep_alive
[00:35:36] [Server thread/INFO]: Error: Player not found.
[00:36:06] [Server thread/INFO]: [Essentials] CONSOLE issued server command: /msg server Keep_alive
[00:36:06] [Server thread/INFO]: Error: Player not found.
[00:36:26] [RCON Listener #1/INFO]: Thread RCON Client /127.116.107.223 started
[00:36:26] [RCON Listener #1/INFO]: Thread RCON Client /127.116.107.223 started
[00:36:27] [RCON Client /127.116.107.223 #102/INFO]: Thread RCON Client /127.116.107.223 shutting down
[00:36:27] [RCON Client /127.116.107.223 #103/INFO]: Thread RCON Client /127.116.107.223 shutting down
[00:36:36] [Server thread/INFO]: [Essentials] CONSOLE issued server command: /msg server Keep_alive
[00:36:36] [Server thread/INFO]: Error: Player not found.
[00:37:06] [Server thread/INFO]: [Essentials] CONSOLE issued server command: /msg server Keep_alive
[00:37:06] [Server thread/INFO]: Error: Player not found.
[00:37:36] [Server thread/INFO]: [Essentials] CONSOLE issued server command: /msg server Keep_alive
[00:37:36] [Server thread/INFO]: Error: Player not found.
[00:38:06] [Server thread/INFO]: [Essentials] CONSOLE issued server command: /msg server Keep_alive
[00:38:06] [Server thread/INFO]: Error: Player not found.
[00:38:36] [Server thread/INFO]: [Essentials] CONSOLE issued server command: /msg server Keep_alive
[00:38:36] [Server thread/INFO]: Error: Player not found.
[00:39:06] [Server thread/INFO]: [Essentials] CONSOLE issued server command: /msg server Keep_alive
[00:39:06] [Server thread/INFO]: Error: Player not found.
[00:39:36] [Server thread/INFO]: [Essentials] CONSOLE issued server command: /msg server Keep_alive
[00:39:36] [Server thread/INFO]: Error: Player not found.
[00:40:06] [Server thread/INFO]: [Essentials] CONSOLE issued server command: /msg server Keep_alive
[00:40:06] [Server thread/INFO]: Error: Player not found.
[00:40:36] [Server thread/INFO]: [Essentials] CONSOLE issued server command: /msg server Keep_alive
[00:40:36] [Server thread/INFO]: Error: Player not found.
[00:41:06] [Server thread/INFO]: [Essentials] CONSOLE issued server command: /msg server Keep_alive
[00:41:06] [Server thread/INFO]: Error: Player not found.
[00:41:36] [Server thread/INFO]: [Essentials] CONSOLE issued server command: /msg server Keep_alive
[00:41:36] [Server thread/INFO]: Error: Player not found.
[00:41:54] [RCON Listener #1/INFO]: Thread RCON Client /127.116.107.223 started
[00:41:54] [RCON Listener #1/INFO]: Thread RCON Client /127.116.107.223 started
[00:41:54] [RCON Client /127.116.107.223 #105/INFO]: Thread RCON Client /127.116.107.223 shutting down
[00:41:54] [RCON Client /127.116.107.223 #104/INFO]: Thread RCON Client /127.116.107.223 shutting down
[00:42:06] [Server thread/INFO]: [Essentials] CONSOLE issued server command: /msg server Keep_alive
[00:42:06] [Server thread/INFO]: Error: Player not found.
[00:42:36] [Server thread/INFO]: [Essentials] CONSOLE issued server command: /msg server Keep_alive
[00:42:36] [Server thread/INFO]: Error: Player not found.
[00:43:06] [Server thread/INFO]: [Essentials] CONSOLE issued server command: /msg server Keep_alive
[00:43:06] [Server thread/INFO]: Error: Player not found.
[00:43:36] [Server thread/INFO]: [Essentials] CONSOLE issued server command: /msg server Keep_alive
[00:43:36] [Server thread/INFO]: Error: Player not found.
[00:44:06] [Server thread/INFO]: [Essentials] CONSOLE issued server command: /msg server Keep_alive
[00:44:06] [Server thread/INFO]: Error: Player not found.
[00:44:36] [Server thread/INFO]: [Essentials] CONSOLE issued server command: /msg server Keep_alive
[00:44:36] [Server thread/INFO]: Error: Player not found.
[00:45:06] [Server thread/INFO]: [Essentials] CONSOLE issued server command: /msg server Keep_alive
[00:45:06] [Server thread/INFO]: Error: Player not found.
[00:45:36] [Server thread/INFO]: [Essentials] CONSOLE issued server command: /msg server Keep_alive
[00:45:36] [Server thread/INFO]: Error: Player not found.
[00:46:06] [Server thread/INFO]: [Essentials] CONSOLE issued server command: /msg server Keep_alive
[00:46:06] [Server thread/INFO]: Error: Player not found.
[00:46:36] [Server thread/INFO]: [Essentials] CONSOLE issued server command: /msg server Keep_alive
[00:46:36] [Server thread/INFO]: Error: Player not found.
[00:47:06] [Server thread/INFO]: [Essentials] CONSOLE issued server command: /msg server Keep_alive
[00:47:06] [Server thread/INFO]: Error: Player not found.
[00:47:22] [RCON Listener #1/INFO]: Thread RCON Client /127.116.107.223 started
[00:47:23] [RCON Client /127.116.107.223 #106/INFO]: Thread RCON Client /127.116.107.223 shutting down
[00:47:23] [RCON Listener #1/INFO]: Thread RCON Client /127.116.107.223 started
[00:47:24] [RCON Client /127.116.107.223 #107/INFO]: Thread RCON Client /127.116.107.223 shutting down
[00:47:36] [Server thread/INFO]: [Essentials] CONSOLE issued server command: /msg server Keep_alive
[00:47:36] [Server thread/INFO]: Error: Player not found.
[00:48:06] [Server thread/INFO]: [Essentials] CONSOLE issued server command: /msg server Keep_alive
[00:48:06] [Server thread/INFO]: Error: Player not found.
[00:48:31] [Server thread/INFO]: [Not Secure] [Server] Server will stop in 5 minutes
[00:48:36] [Server thread/INFO]: [Essentials] CONSOLE issued server command: /msg server Keep_alive
[00:48:36] [Server thread/INFO]: Error: Player not found.
